Activating service name='org.gnome.Totem'
Successfully activated service 'org.gnome.Totem'
Activating service name='org.freedesktop.PackageKit'
Successfully activated service 'org.freedesktop.PackageKit'
Activating service name='org.gnome.Totem'
Successfully activated service 'org.gnome.Totem'
Activating service name='org.freedesktop.PackageKit'
Successfully activated service 'org.freedesktop.PackageKit'
Activating service name='org.gnome.evince.Daemon'
Successfully activated service 'org.gnome.evince.Daemon'
Activating service name='org.gnome.evince.Daemon'
Successfully activated service 'org.gnome.evince.Daemon'
Activating service name='org.gnome.evince.Daemon'
Successfully activated service 'org.gnome.evince.Daemon'
Activating service name='org.gnome.evince.Daemon'
Successfully activated service 'org.gnome.evince.Daemon'
Activating service name='org.gnome.evince.Daemon'
Successfully activated service 'org.gnome.evince.Daemon'
Activating service name='org.gnome.evince.Daemon'
Successfully activated service 'org.gnome.evince.Daemon'
Activating service name='org.gnome.Terminal'
Successfully activated service 'org.gnome.Terminal'
Activating service name='org.gnome.evince.Daemon'
Successfully activated service 'org.gnome.evince.Daemon'
Activating service name='org.gnome.Totem'
Successfully activated service 'org.gnome.Totem'
